<?xml version="1.0" encoding="UTF-8"?>
<testng-results ignored="0" total="1" passed="1" failed="0" skipped="0">
  <reporter-output>
  </reporter-output>
  <suite started-at="2023-05-04T12:40:46 IST" name="Default suite" finished-at="2023-05-04T12:41:05 IST" duration-ms="18944">
    <groups>
    </groups>
    <test started-at="2023-05-04T12:40:46 IST" name="Default test" finished-at="2023-05-04T12:41:05 IST" duration-ms="18944">
      <class name="mavenid.maven.EntireScreenshot">
        <test-method signature="testGuru99TakeScreenShot()[pri:0, instance:mavenid.maven.EntireScreenshot@6d3a388c]" started-at="2023-05-04T12:40:46 IST" name="testGuru99TakeScreenShot" finished-at="2023-05-04T12:41:05 IST" duration-ms="18875" status="PASS">
          <reporter-output>
          </reporter-output>
        </test-method> <!-- testGuru99TakeScreenShot -->
      </class> <!-- mavenid.maven.EntireScreenshot -->
    </test> <!-- Default test -->
  </suite> <!-- Default suite -->
</testng-results>
