<?xml version="1.0" encoding="UTF-8"?>
<testng-results ignored="0" total="1" passed="1" failed="0" skipped="0">
  <reporter-output>
  </reporter-output>
  <suite started-at="2023-06-16T13:59:49 IST" name="Default suite" finished-at="2023-06-16T14:05:24 IST" duration-ms="334497">
    <groups>
    </groups>
    <test started-at="2023-06-16T13:59:49 IST" name="Default test" finished-at="2023-06-16T14:05:24 IST" duration-ms="334497">
      <class name="mavenid.maven.Allsitesflowtesting">
        <test-method signature="test()[pri:0, instance:mavenid.maven.Allsitesflowtesting@acb0951]" started-at="2023-06-16T13:59:49 IST" name="test" finished-at="2023-06-16T14:05:24 IST" duration-ms="334430" status="PASS">
          <reporter-output>
          </reporter-output>
        </test-method> <!-- test -->
      </class> <!-- mavenid.maven.Allsitesflowtesting -->
    </test> <!-- Default test -->
  </suite> <!-- Default suite -->
</testng-results>
